{"uuid":"5a90844a-e63a-4daf-843f-35960612e8df","historyId":"abd2875775256911d203e4452ad4492f","fullName":"com.mocion.web.ClubTest.verify_club_creation_should_succeed","labels":[{"name":"package","value":"com.mocion.web.ClubTest"},{"name":"testClass","value":"com.mocion.web.ClubTest"},{"name":"testMethod","value":"verify_club_creation_should_succeed"},{"name":"parentSuite","value":"Default Suite"},{"name":"suite","value":"mocion-web-automation"},{"name":"subSuite","value":"com.mocion.web.ClubTest"},{"name":"host","value":"HP"},{"name":"thread","value":"5224@HP.main(1)"},{"name":"framework","value":"testng"},{"name":"language","value":"java"}],"links":[],"name":"Valid club creation should successful","status":"broken","statusDetails":{"known":false,"muted":false,"flaky":false,"message":"Error {\n  message='Error: strict mode violation: locator(\"button[type='submit']:has-text('Save')\") resolved to 2 elements:\n    1) <button type=\"submit\" class=\"bg-primary text-white dark:…>Save</button> aka getByRole(AriaRole.BUTTON, new Page.GetByRoleOptions().setName(\"Save\")).first()\n    2) <button type=\"submit\" class=\"bg-primary text-white w-ful…>Save</button> aka getByLabel(\"Sidebar\").getByRole(AriaRole.BUTTON, new Locator.GetByRoleOptions().setName(\"Save\").setExact(true))\n\n  name='Error\n  stack='Error: Error: strict mode violation: locator(\"button[type='submit']:has-text('Save')\") resolved to 2 elements:\n    1) <button type=\"submit\" class=\"bg-primary text-white dark:…>Save</button> aka getByRole(AriaRole.BUTTON, new Page.GetByRoleOptions().setName(\"Save\")).first()\n    2) <button type=\"submit\" class=\"bg-primary text-white w-ful…>Save</button> aka getByLabel(\"Sidebar\").getByRole(AriaRole.BUTTON, new Locator.GetByRoleOptions().setName(\"Save\").setExact(true))\n\n    at CRExecutionContext.evaluateWithArguments (C:\\Users\\HP\\AppData\\Local\\Temp\\playwright-java-14479457435149111392\\package\\lib\\server\\chromium\\crExecutionContext.js:92:33)\n    at async LongStandingScope._race (C:\\Users\\HP\\AppData\\Local\\Temp\\playwright-java-14479457435149111392\\package\\lib\\utils\\manualPromise.js:96:14)\n    at async evaluateExpression (C:\\Users\\HP\\AppData\\Local\\Temp\\playwright-java-14479457435149111392\\package\\lib\\server\\javascript.js:241:12)\n    at async C:\\Users\\HP\\AppData\\Local\\Temp\\playwright-java-14479457435149111392\\package\\lib\\server\\frames.js:953:22\n    at async Frame.retryWithProgressAndTimeouts (C:\\Users\\HP\\AppData\\Local\\Temp\\playwright-java-14479457435149111392\\package\\lib\\server\\frames.js:923:24)\n    at async C:\\Users\\HP\\AppData\\Local\\Temp\\playwright-java-14479457435149111392\\package\\lib\\server\\frames.js:1008:29\n    at async ProgressController.run (C:\\Users\\HP\\AppData\\Local\\Temp\\playwright-java-14479457435149111392\\package\\lib\\server\\progress.js:82:22)\n    at async FrameDispatcher.click (C:\\Users\\HP\\AppData\\Local\\Temp\\playwright-java-14479457435149111392\\package\\lib\\server\\dispatchers\\frameDispatcher.js:158:12)\n    at async LongStandingScope._race (C:\\Users\\HP\\AppData\\Local\\Temp\\playwright-java-14479457435149111392\\package\\lib\\utils\\manualPromise.js:96:14)\n    at async FrameDispatcher._handleCommand (C:\\Users\\HP\\AppData\\Local\\Temp\\playwright-java-14479457435149111392\\package\\lib\\server\\dispatchers\\dispatcher.js:96:14)\n}\nCall log:\n- waiting for locator(\"button[type='submit']:has-text('Save')\")\n","trace":"com.microsoft.playwright.PlaywrightException: Error {\n  message='Error: strict mode violation: locator(\"button[type='submit']:has-text('Save')\") resolved to 2 elements:\n    1) <button type=\"submit\" class=\"bg-primary text-white dark:…>Save</button> aka getByRole(AriaRole.BUTTON, new Page.GetByRoleOptions().setName(\"Save\")).first()\n    2) <button type=\"submit\" class=\"bg-primary text-white w-ful…>Save</button> aka getByLabel(\"Sidebar\").getByRole(AriaRole.BUTTON, new Locator.GetByRoleOptions().setName(\"Save\").setExact(true))\n\n  name='Error\n  stack='Error: Error: strict mode violation: locator(\"button[type='submit']:has-text('Save')\") resolved to 2 elements:\n    1) <button type=\"submit\" class=\"bg-primary text-white dark:…>Save</button> aka getByRole(AriaRole.BUTTON, new Page.GetByRoleOptions().setName(\"Save\")).first()\n    2) <button type=\"submit\" class=\"bg-primary text-white w-ful…>Save</button> aka getByLabel(\"Sidebar\").getByRole(AriaRole.BUTTON, new Locator.GetByRoleOptions().setName(\"Save\").setExact(true))\n\n    at CRExecutionContext.evaluateWithArguments (C:\\Users\\HP\\AppData\\Local\\Temp\\playwright-java-14479457435149111392\\package\\lib\\server\\chromium\\crExecutionContext.js:92:33)\n    at async LongStandingScope._race (C:\\Users\\HP\\AppData\\Local\\Temp\\playwright-java-14479457435149111392\\package\\lib\\utils\\manualPromise.js:96:14)\n    at async evaluateExpression (C:\\Users\\HP\\AppData\\Local\\Temp\\playwright-java-14479457435149111392\\package\\lib\\server\\javascript.js:241:12)\n    at async C:\\Users\\HP\\AppData\\Local\\Temp\\playwright-java-14479457435149111392\\package\\lib\\server\\frames.js:953:22\n    at async Frame.retryWithProgressAndTimeouts (C:\\Users\\HP\\AppData\\Local\\Temp\\playwright-java-14479457435149111392\\package\\lib\\server\\frames.js:923:24)\n    at async C:\\Users\\HP\\AppData\\Local\\Temp\\playwright-java-14479457435149111392\\package\\lib\\server\\frames.js:1008:29\n    at async ProgressController.run (C:\\Users\\HP\\AppData\\Local\\Temp\\playwright-java-14479457435149111392\\package\\lib\\server\\progress.js:82:22)\n    at async FrameDispatcher.click (C:\\Users\\HP\\AppData\\Local\\Temp\\playwright-java-14479457435149111392\\package\\lib\\server\\dispatchers\\frameDispatcher.js:158:12)\n    at async LongStandingScope._race (C:\\Users\\HP\\AppData\\Local\\Temp\\playwright-java-14479457435149111392\\package\\lib\\utils\\manualPromise.js:96:14)\n    at async FrameDispatcher._handleCommand (C:\\Users\\HP\\AppData\\Local\\Temp\\playwright-java-14479457435149111392\\package\\lib\\server\\dispatchers\\dispatcher.js:96:14)\n}\nCall log:\n- waiting for locator(\"button[type='submit']:has-text('Save')\")\n\r\n\tat com.microsoft.playwright.impl.WaitableResult.get(WaitableResult.java:56)\r\n\tat com.microsoft.playwright.impl.ChannelOwner.runUntil(ChannelOwner.java:120)\r\n\tat com.microsoft.playwright.impl.Connection.sendMessage(Connection.java:130)\r\n\tat com.microsoft.playwright.impl.ChannelOwner.sendMessage(ChannelOwner.java:106)\r\n\tat com.microsoft.playwright.impl.FrameImpl.clickImpl(FrameImpl.java:252)\r\n\tat com.microsoft.playwright.impl.FrameImpl.lambda$click$8(FrameImpl.java:243)\r\n\tat com.microsoft.playwright.impl.LoggingSupport.lambda$withLogging$0(LoggingSupport.java:36)\r\n\tat com.microsoft.playwright.impl.LoggingSupport.withLogging(LoggingSupport.java:47)\r\n\tat com.microsoft.playwright.impl.ChannelOwner.withLogging(ChannelOwner.java:89)\r\n\tat com.microsoft.playwright.impl.LoggingSupport.withLogging(LoggingSupport.java:35)\r\n\tat com.microsoft.playwright.impl.FrameImpl.click(FrameImpl.java:243)\r\n\tat com.microsoft.playwright.impl.LocatorImpl.click(LocatorImpl.java:160)\r\n\tat com.microsoft.playwright.Locator.click(Locator.java:2468)\r\n\tat com.mocion.web.pages.ClubPage.clickSaveButton(ClubPage.java:136)\r\n\tat com.mocion.web.ClubTest.verify_club_creation_should_succeed(ClubTest.java:46)\r\n\tat java.base/jdk.internal.reflect.DirectMethodHandleAccessor.invoke(DirectMethodHandleAccessor.java:103)\r\n\tat java.base/java.lang.reflect.Method.invoke(Method.java:580)\r\n\tat org.testng.internal.invokers.MethodInvocationHelper.invokeMethod(MethodInvocationHelper.java:139)\r\n\tat org.testng.internal.invokers.TestInvoker.invokeMethod(TestInvoker.java:664)\r\n\tat org.testng.internal.invokers.TestInvoker.invokeTestMethod(TestInvoker.java:228)\r\n\tat org.testng.internal.invokers.MethodRunner.runInSequence(MethodRunner.java:63)\r\n\tat org.testng.internal.invokers.TestInvoker$MethodInvocationAgent.invoke(TestInvoker.java:961)\r\n\tat org.testng.internal.invokers.TestInvoker.invokeTestMethods(TestInvoker.java:201)\r\n\tat org.testng.internal.invokers.TestMethodWorker.invokeTestMethods(TestMethodWorker.java:148)\r\n\tat org.testng.internal.invokers.TestMethodWorker.run(TestMethodWorker.java:128)\r\n\tat java.base/java.util.ArrayList.forEach(ArrayList.java:1596)\r\n\tat org.testng.TestRunner.privateRun(TestRunner.java:819)\r\n\tat org.testng.TestRunner.run(TestRunner.java:619)\r\n\tat org.testng.SuiteRunner.runTest(SuiteRunner.java:443)\r\n\tat org.testng.SuiteRunner.runSequentially(SuiteRunner.java:437)\r\n\tat org.testng.SuiteRunner.privateRun(SuiteRunner.java:397)\r\n\tat org.testng.SuiteRunner.run(SuiteRunner.java:336)\r\n\tat org.testng.SuiteRunnerWorker.runSuite(SuiteRunnerWorker.java:52)\r\n\tat org.testng.SuiteRunnerWorker.run(SuiteRunnerWorker.java:95)\r\n\tat org.testng.TestNG.runSuitesSequentially(TestNG.java:1301)\r\n\tat org.testng.TestNG.runSuitesLocally(TestNG.java:1228)\r\n\tat org.testng.TestNG.runSuites(TestNG.java:1134)\r\n\tat org.testng.TestNG.run(TestNG.java:1101)\r\n\tat com.intellij.rt.testng.IDEARemoteTestNG.run(IDEARemoteTestNG.java:65)\r\n\tat com.intellij.rt.testng.RemoteTestNGStarter.main(RemoteTestNGStarter.java:105)\r\nCaused by: com.microsoft.playwright.impl.DriverException: Error {\n  message='Error: strict mode violation: locator(\"button[type='submit']:has-text('Save')\") resolved to 2 elements:\n    1) <button type=\"submit\" class=\"bg-primary text-white dark:…>Save</button> aka getByRole(AriaRole.BUTTON, new Page.GetByRoleOptions().setName(\"Save\")).first()\n    2) <button type=\"submit\" class=\"bg-primary text-white w-ful…>Save</button> aka getByLabel(\"Sidebar\").getByRole(AriaRole.BUTTON, new Locator.GetByRoleOptions().setName(\"Save\").setExact(true))\n\n  name='Error\n  stack='Error: Error: strict mode violation: locator(\"button[type='submit']:has-text('Save')\") resolved to 2 elements:\n    1) <button type=\"submit\" class=\"bg-primary text-white dark:…>Save</button> aka getByRole(AriaRole.BUTTON, new Page.GetByRoleOptions().setName(\"Save\")).first()\n    2) <button type=\"submit\" class=\"bg-primary text-white w-ful…>Save</button> aka getByLabel(\"Sidebar\").getByRole(AriaRole.BUTTON, new Locator.GetByRoleOptions().setName(\"Save\").setExact(true))\n\n    at CRExecutionContext.evaluateWithArguments (C:\\Users\\HP\\AppData\\Local\\Temp\\playwright-java-14479457435149111392\\package\\lib\\server\\chromium\\crExecutionContext.js:92:33)\n    at async LongStandingScope._race (C:\\Users\\HP\\AppData\\Local\\Temp\\playwright-java-14479457435149111392\\package\\lib\\utils\\manualPromise.js:96:14)\n    at async evaluateExpression (C:\\Users\\HP\\AppData\\Local\\Temp\\playwright-java-14479457435149111392\\package\\lib\\server\\javascript.js:241:12)\n    at async C:\\Users\\HP\\AppData\\Local\\Temp\\playwright-java-14479457435149111392\\package\\lib\\server\\frames.js:953:22\n    at async Frame.retryWithProgressAndTimeouts (C:\\Users\\HP\\AppData\\Local\\Temp\\playwright-java-14479457435149111392\\package\\lib\\server\\frames.js:923:24)\n    at async C:\\Users\\HP\\AppData\\Local\\Temp\\playwright-java-14479457435149111392\\package\\lib\\server\\frames.js:1008:29\n    at async ProgressController.run (C:\\Users\\HP\\AppData\\Local\\Temp\\playwright-java-14479457435149111392\\package\\lib\\server\\progress.js:82:22)\n    at async FrameDispatcher.click (C:\\Users\\HP\\AppData\\Local\\Temp\\playwright-java-14479457435149111392\\package\\lib\\server\\dispatchers\\frameDispatcher.js:158:12)\n    at async LongStandingScope._race (C:\\Users\\HP\\AppData\\Local\\Temp\\playwright-java-14479457435149111392\\package\\lib\\utils\\manualPromise.js:96:14)\n    at async FrameDispatcher._handleCommand (C:\\Users\\HP\\AppData\\Local\\Temp\\playwright-java-14479457435149111392\\package\\lib\\server\\dispatchers\\dispatcher.js:96:14)\n}\nCall log:\n- waiting for locator(\"button[type='submit']:has-text('Save')\")\n\r\n\tat com.microsoft.playwright.impl.Connection.dispatch(Connection.java:259)\r\n\tat com.microsoft.playwright.impl.Connection.processOneMessage(Connection.java:211)\r\n\tat com.microsoft.playwright.impl.ChannelOwner.runUntil(ChannelOwner.java:118)\r\n\t... 38 more\r\n"},"stage":"finished","steps":[],"attachments":[],"parameters":[],"start":1748457367916,"stop":1748457403490}